<?xml version="1.0" encoding="UTF-8"?>
<testsuite name="ca.nrc.cadc.mailer.WebMailerTest" tests="2" skipped="0" failures="0" errors="0" timestamp="2019-05-22T18:39:14" hostname="nrc-009332" time="0.083">
  <properties/>
  <testcase name="sendMail" classname="ca.nrc.cadc.mailer.WebMailerTest" time="0.083"/>
  <testcase name="createLink" classname="ca.nrc.cadc.mailer.WebMailerTest" time="0.0"/>
  <system-out><![CDATA[]]></system-out>
  <system-err><![CDATA[]]></system-err>
</testsuite>
